<?xml version="1.0" encoding="UTF-8"?>
<!-- Generated by org.testng.reporters.JUnitReportReporter -->
<testsuite hostname="Lenovo" failures="0" tests="1" name="apiRequest.com.Test_PostRequest" time="2.977" errors="0" timestamp="2023-06-18T22:36:16 IST" skipped="0">
  <testcase classname="apiRequest.com.Test_PostRequest" name="testpost" time="2.977"/>
  <system-out/>
</testsuite> <!-- apiRequest.com.Test_PostRequest -->
