<?xml version="1.0" encoding="UTF-8"?>
<!-- Generated by org.testng.reporters.JUnitReportReporter -->
<testsuite hostname="Lenovo" failures="0" tests="1" name="apiRequest.com.ValidateResponseHeader" time="1.451" errors="0" timestamp="2023-06-19T23:28:34 IST" skipped="0">
  <testcase classname="apiRequest.com.ValidateResponseHeader" name="singleuserrespon" time="1.451"/>
  <system-out/>
</testsuite> <!-- apiRequest.com.ValidateResponseHeader -->
