<?xml version="1.0" encoding="UTF-8"?>
<!-- Generated by org.testng.reporters.JUnitReportReporter -->
<testsuite hostname="Lenovo" failures="0" tests="1" name="apiRequest.com.QueryParameter" time="2.458" errors="0" timestamp="2023-06-20T02:04:21 IST" skipped="0">
  <testcase classname="apiRequest.com.QueryParameter" name="queryparam" time="2.458"/>
  <system-out/>
</testsuite> <!-- apiRequest.com.QueryParameter -->
