<?xml version="1.0" encoding="UTF-8"?>
<!-- Generated by org.testng.reporters.JUnitReportReporter -->
<testsuite hostname="Lenovo" failures="0" tests="1" name="apiRequest.com.BasicAutorization" time="2.309" errors="0" timestamp="2023-06-20T02:18:19 IST" skipped="0">
  <testcase classname="apiRequest.com.BasicAutorization" name="basicauth" time="2.309"/>
  <system-out/>
</testsuite> <!-- apiRequest.com.BasicAutorization -->
