<?xml version="1.0" encoding="UTF-8"?>
<!-- Generated by org.testng.reporters.JUnitReportReporter -->
<testsuite hostname="Lenovo" failures="0" tests="2" name="apiAutomationMorningBatch.GetTest" time="3.581" errors="0" timestamp="2024-08-05T17:28:42 IST" skipped="0">
  <testcase classname="apiAutomationMorningBatch.GetTest" name="get01" time="3.086"/>
  <system-out/>
  <testcase classname="apiAutomationMorningBatch.GetTest" name="get02" time="0.495"/>
  <system-out/>
</testsuite> <!-- apiAutomationMorningBatch.GetTest -->
