<?xml version="1.0" encoding="UTF-8"?>
<!-- Generated by org.testng.reporters.JUnitReportReporter -->
<testsuite hostname="Lenovo" failures="0" tests="1" name="apiAutomationMorningBatch.GetAPIRequest" time="2.372" errors="0" timestamp="2024-08-05T16:57:17 IST" skipped="0">
  <testcase classname="apiAutomationMorningBatch.GetAPIRequest" name="getreq" time="2.372"/>
  <system-out/>
</testsuite> <!-- apiAutomationMorningBatch.GetAPIRequest -->
