<?xml version="1.0" encoding="UTF-8"?>
<!-- Generated by org.testng.reporters.JUnitReportReporter -->
<testsuite hostname="Lenovo" failures="0" tests="1" name="apiRequest.com.ValidateResponseBody" time="3.052" errors="0" timestamp="2023-06-22T13:46:08 IST" skipped="0">
  <testcase classname="apiRequest.com.ValidateResponseBody" name="userlistResponsebody" time="3.052"/>
  <system-out/>
</testsuite> <!-- apiRequest.com.ValidateResponseBody -->
