<?xml version="1.0" encoding="UTF-8"?>
<!-- Generated by org.testng.reporters.JUnitReportReporter -->
<testsuite hostname="Lenovo" failures="0" tests="1" name="apiRequest.com.GetRequest" time="1.953" errors="0" timestamp="2023-05-10T17:45:13 IST" skipped="0">
  <testcase classname="apiRequest.com.GetRequest" name="get" time="1.953"/>
  <system-out/>
</testsuite> <!-- apiRequest.com.GetRequest -->
