<?xml version="1.0" encoding="UTF-8"?>
<!-- Generated by org.testng.reporters.JUnitReportReporter -->
<testsuite hostname="Lenovo" failures="0" tests="1" name="apiAutomationMorningBatch.HeaderResponse" time="1.854" errors="0" timestamp="2024-08-14T01:24:20 IST" skipped="0">
  <testcase classname="apiAutomationMorningBatch.HeaderResponse" name="t1" time="1.854"/>
  <system-out/>
</testsuite> <!-- apiAutomationMorningBatch.HeaderResponse -->
