<?xml version="1.0" encoding="UTF-8"?>
<!-- Generated by org.testng.reporters.JUnitReportReporter -->
<testsuite hostname="Lenovo" failures="0" tests="2" name="apiRequest.com.GetAPI001" time="2.186" errors="0" timestamp="2024-07-29T12:28:35 IST" skipped="0">
  <testcase classname="apiRequest.com.GetAPI001" name="getapi002" time="0.139"/>
  <system-out/>
  <testcase classname="apiRequest.com.GetAPI001" name="get001" time="2.047"/>
  <system-out/>
</testsuite> <!-- apiRequest.com.GetAPI001 -->
