<?xml version="1.0" encoding="UTF-8"?>
<!-- Generated by org.testng.reporters.JUnitReportReporter -->
<testsuite hostname="Lenovo" failures="0" tests="1" name="apiAutomationMorningBatch.Test_Post" time="2.332" errors="0" timestamp="2024-08-06T23:12:23 IST" skipped="0">
  <testcase classname="apiAutomationMorningBatch.Test_Post" name="testPost" time="2.332"/>
  <system-out/>
</testsuite> <!-- apiAutomationMorningBatch.Test_Post -->
