<?xml version="1.0" encoding="UTF-8"?>
<!-- Generated by org.testng.reporters.JUnitReportReporter -->
<testsuite hostname="Lenovo" failures="0" tests="1" name="apiRequest.com.HTTPResponsestatusValidation" time="1.874" errors="0" timestamp="2023-06-19T10:45:46 IST" skipped="0">
  <testcase classname="apiRequest.com.HTTPResponsestatusValidation" name="getSingleUser" time="1.874"/>
  <system-out/>
</testsuite> <!-- apiRequest.com.HTTPResponsestatusValidation -->
